mode: set
github.com/shFarrukh/wallet/pkg/wallet/service.go:24.78,25.37 1 1
github.com/shFarrukh/wallet/pkg/wallet/service.go:30.2,37.21 4 1
github.com/shFarrukh/wallet/pkg/wallet/service.go:25.37,26.29 1 0
github.com/shFarrukh/wallet/pkg/wallet/service.go:26.29,28.4 1 0
github.com/shFarrukh/wallet/pkg/wallet/service.go:40.70,41.17 1 1
github.com/shFarrukh/wallet/pkg/wallet/service.go:45.2,46.33 2 1
github.com/shFarrukh/wallet/pkg/wallet/service.go:53.2,53.20 1 1
github.com/shFarrukh/wallet/pkg/wallet/service.go:57.2,58.12 2 1
github.com/shFarrukh/wallet/pkg/wallet/service.go:41.17,43.3 1 0
github.com/shFarrukh/wallet/pkg/wallet/service.go:46.33,47.26 1 1
github.com/shFarrukh/wallet/pkg/wallet/service.go:47.26,49.9 2 1
github.com/shFarrukh/wallet/pkg/wallet/service.go:53.20,55.3 1 0
github.com/shFarrukh/wallet/pkg/wallet/service.go:61.116,62.17 1 1
github.com/shFarrukh/wallet/pkg/wallet/service.go:66.2,67.33 2 1
github.com/shFarrukh/wallet/pkg/wallet/service.go:73.2,73.20 1 1
github.com/shFarrukh/wallet/pkg/wallet/service.go:77.2,77.30 1 1
github.com/shFarrukh/wallet/pkg/wallet/service.go:81.2,91.21 5 1
github.com/shFarrukh/wallet/pkg/wallet/service.go:62.17,64.3 1 0
github.com/shFarrukh/wallet/pkg/wallet/service.go:67.33,68.26 1 1
github.com/shFarrukh/wallet/pkg/wallet/service.go:68.26,70.9 2 1
github.com/shFarrukh/wallet/pkg/wallet/service.go:73.20,75.3 1 0
github.com/shFarrukh/wallet/pkg/wallet/service.go:77.30,79.3 1 0
github.com/shFarrukh/wallet/pkg/wallet/service.go:94.76,96.38 2 1
github.com/shFarrukh/wallet/pkg/wallet/service.go:103.2,103.20 1 1
github.com/shFarrukh/wallet/pkg/wallet/service.go:107.2,107.21 1 1
github.com/shFarrukh/wallet/pkg/wallet/service.go:96.38,97.31 1 1
github.com/shFarrukh/wallet/pkg/wallet/service.go:97.31,99.9 2 1
github.com/shFarrukh/wallet/pkg/wallet/service.go:103.20,105.3 1 1
github.com/shFarrukh/wallet/pkg/wallet/service.go:110.50,112.16 2 1
github.com/shFarrukh/wallet/pkg/wallet/service.go:116.2,118.16 2 1
github.com/shFarrukh/wallet/pkg/wallet/service.go:122.2,124.12 3 1
github.com/shFarrukh/wallet/pkg/wallet/service.go:112.16,114.3 1 1
github.com/shFarrukh/wallet/pkg/wallet/service.go:118.16,120.3 1 0
github.com/shFarrukh/wallet/pkg/wallet/service.go:128.77,129.37 1 1
github.com/shFarrukh/wallet/pkg/wallet/service.go:134.2,134.32 1 1
github.com/shFarrukh/wallet/pkg/wallet/service.go:129.37,130.30 1 1
github.com/shFarrukh/wallet/pkg/wallet/service.go:130.30,132.4 1 1
